2004.09.29 11:14 B C:\mets_profiles\web\profiles\LC_profiles\videoClip\index.html --> rs7.loc.gov /marvel/www/data/standards/mets/profiles/LC_profiles/videoClip index.html
2004.09.29 11:14 B C:\mets_profiles\web\profiles\LC_profiles\videoClip\mets_mods_temlate.xml --> rs7.loc.gov /marvel/www/data/standards/mets/profiles/LC_profiles/videoClip mets_mods_temlate.xml
2004.09.29 11:14 B C:\mets_profiles\web\profiles\LC_profiles\videoClip\mets_profile_template.xml --> rs7.loc.gov /marvel/www/data/standards/mets/profiles/LC_profiles/videoClip mets_profile_template.xml
2004.09.29 11:14 B C:\mets_profiles\web\profiles\LC_profiles\videoClip\mets_temlate.xml --> rs7.loc.gov /marvel/www/data/standards/mets/profiles/LC_profiles/videoClip mets_temlate.xml
2004.09.29 11:14 B C:\mets_profiles\web\profiles\LC_profiles\videoClip\profile.xml --> rs7.loc.gov /marvel/www/data/standards/mets/profiles/LC_profiles/videoClip profile.xml
2004.09.29 11:14 B C:\mets_profiles\web\profiles\LC_profiles\videoClip\profile.xml~ --> rs7.loc.gov /marvel/www/data/standards/mets/profiles/LC_profiles/videoClip profile.xml~
2004.10.01 14:11 B C:\mets_profiles\web\profiles\LC_profiles\videoClip\#vidClip_structure.xml# --> rs7.loc.gov /marvel/www/data/standards/mets/profiles/LC_profiles/videoClip #vidClip_structure.xml#
2004.10.01 14:11 B C:\mets_profiles\web\profiles\LC_profiles\videoClip\index.html --> rs7.loc.gov /marvel/www/data/standards/mets/profiles/LC_profiles/videoClip index.html
2004.10.01 14:11 B C:\mets_profiles\web\profiles\LC_profiles\videoClip\schemas.xml --> rs7.loc.gov /marvel/www/data/standards/mets/profiles/LC_profiles/videoClip schemas.xml
2004.10.01 14:11 B C:\mets_profiles\web\profiles\LC_profiles\videoClip\vidClip_structure.xml --> rs7.loc.gov /marvel/www/data/standards/mets/profiles/LC_profiles/videoClip vidClip_structure.xml
2004.10.01 14:11 B C:\mets_profiles\web\profiles\LC_profiles\videoClip\vidClip_structure.xml~ --> rs7.loc.gov /marvel/www/data/standards/mets/profiles/LC_profiles/videoClip vidClip_structure.xml~
2004.10.01 14:11 B C:\mets_profiles\web\profiles\LC_profiles\videoClip\WS_FTP.LOG --> rs7.loc.gov /marvel/www/data/standards/mets/profiles/LC_profiles/videoClip WS_FTP.LOG
2004.12.01 15:48 B C:\mets_profiles\web\profiles\LC_profiles\videoClip\ex.xml --> rs7.loc.gov /marvel/www/data/standards/mets/profiles/LC_profiles/videoClip ex.xml
2004.12.01 15:48 B C:\mets_profiles\web\profiles\LC_profiles\videoClip\exSimple.xml --> rs7.loc.gov /marvel/www/data/standards/mets/profiles/LC_profiles/videoClip exSimple.xml
2004.12.01 15:48 B C:\mets_profiles\web\profiles\LC_profiles\videoClip\exSimple.xml~ --> rs7.loc.gov /marvel/www/data/standards/mets/profiles/LC_profiles/videoClip exSimple.xml~
2004.12.01 15:48 B C:\mets_profiles\web\profiles\LC_profiles\videoClip\index.html --> rs7.loc.gov /marvel/www/data/standards/mets/profiles/LC_profiles/videoClip index.html
2004.12.01 15:48 B C:\mets_profiles\web\profiles\LC_profiles\videoClip\mets_mods_temlate.xml --> rs7.loc.gov /marvel/www/data/standards/mets/profiles/LC_profiles/videoClip mets_mods_temlate.xml
2004.12.01 15:48 B C:\mets_profiles\web\profiles\LC_profiles\videoClip\mets_profile_template.xml --> rs7.loc.gov /marvel/www/data/standards/mets/profiles/LC_profiles/videoClip mets_profile_template.xml
2004.12.01 15:48 B C:\mets_profiles\web\profiles\LC_profiles\videoClip\mets_temlate.xml --> rs7.loc.gov /marvel/www/data/standards/mets/profiles/LC_profiles/videoClip mets_temlate.xml
2004.12.01 15:48 B C:\mets_profiles\web\profiles\LC_profiles\videoClip\profile.xml --> rs7.loc.gov /marvel/www/data/standards/mets/profiles/LC_profiles/videoClip profile.xml
2004.12.01 15:48 B C:\mets_profiles\web\profiles\LC_profiles\videoClip\profile.xml~ --> rs7.loc.gov /marvel/www/data/standards/mets/profiles/LC_profiles/videoClip profile.xml~
2004.12.01 15:48 B C:\mets_profiles\web\profiles\LC_profiles\videoClip\schemas.xml --> rs7.loc.gov /marvel/www/data/standards/mets/profiles/LC_profiles/videoClip schemas.xml
2004.12.01 15:48 B C:\mets_profiles\web\profiles\LC_profiles\videoClip\vidClip_structure.xml --> rs7.loc.gov /marvel/www/data/standards/mets/profiles/LC_profiles/videoClip vidClip_structure.xml
2004.12.01 15:48 B C:\mets_profiles\web\profiles\LC_profiles\videoClip\vidClip_structure.xml~ --> rs7.loc.gov /marvel/www/data/standards/mets/profiles/LC_profiles/videoClip vidClip_structure.xml~
