2004.07.21 09:43 B C:\mets_profiles\stylesheets\profile.css --> rs7.loc.gov /marvel/www/data/standards/mets/profiles/stylesheets profile.css
2004.07.21 09:43 B C:\mets_profiles\stylesheets\profile.css~ --> rs7.loc.gov /marvel/www/data/standards/mets/profiles/stylesheets profile.css~
2004.07.21 09:43 B C:\mets_profiles\stylesheets\profile.xsl --> rs7.loc.gov /marvel/www/data/standards/mets/profiles/stylesheets profile.xsl
2004.07.21 09:43 B C:\mets_profiles\stylesheets\profile.xsl~ --> rs7.loc.gov /marvel/www/data/standards/mets/profiles/stylesheets profile.xsl~
2004.07.21 09:43 B C:\mets_profiles\stylesheets\xmlverbatim.css --> rs7.loc.gov /marvel/www/data/standards/mets/profiles/stylesheets xmlverbatim.css
2004.07.21 09:43 B C:\mets_profiles\stylesheets\xmlverbatim.xsl --> rs7.loc.gov /marvel/www/data/standards/mets/profiles/stylesheets xmlverbatim.xsl
2004.07.21 10:33 B C:\mets_profiles\stylesheets\profile.css --> rs7.loc.gov /marvel/www/data/standards/mets/profiles/stylesheets profile.css
2004.07.21 10:40 B C:\mets_profiles\stylesheets\profile.css --> rs7.loc.gov /marvel/www/data/standards/mets/profiles/stylesheets profile.css
2004.08.20 11:26 B C:\mets_profiles\web\profiles\LC_profiles\stylesheets\profile.css --> rs7.loc.gov /marvel/www/data/standards/mets/profiles/LC_profiles/pdfDoc/profiles/LC_profiles/stylesheets profile.css
2004.08.20 11:26 B C:\mets_profiles\web\profiles\LC_profiles\stylesheets\profile.css~ --> rs7.loc.gov /marvel/www/data/standards/mets/profiles/LC_profiles/pdfDoc/profiles/LC_profiles/stylesheets profile.css~
2004.08.20 11:26 B C:\mets_profiles\web\profiles\LC_profiles\stylesheets\profile.xsl --> rs7.loc.gov /marvel/www/data/standards/mets/profiles/LC_profiles/pdfDoc/profiles/LC_profiles/stylesheets profile.xsl
2004.08.20 11:26 B C:\mets_profiles\web\profiles\LC_profiles\stylesheets\profile.xsl~ --> rs7.loc.gov /marvel/www/data/standards/mets/profiles/LC_profiles/pdfDoc/profiles/LC_profiles/stylesheets profile.xsl~
2004.08.20 11:26 B C:\mets_profiles\web\profiles\LC_profiles\stylesheets\WS_FTP.LOG --> rs7.loc.gov /marvel/www/data/standards/mets/profiles/LC_profiles/pdfDoc/profiles/LC_profiles/stylesheets WS_FTP.LOG
2004.08.20 11:26 B C:\mets_profiles\web\profiles\LC_profiles\stylesheets\xmlverbatim.css --> rs7.loc.gov /marvel/www/data/standards/mets/profiles/LC_profiles/pdfDoc/profiles/LC_profiles/stylesheets xmlverbatim.css
2004.08.20 11:26 B C:\mets_profiles\web\profiles\LC_profiles\stylesheets\xmlverbatim.xsl --> rs7.loc.gov /marvel/www/data/standards/mets/profiles/LC_profiles/pdfDoc/profiles/LC_profiles/stylesheets xmlverbatim.xsl
2004.08.20 11:29 B C:\mets_profiles\web\profiles\LC_profiles\stylesheets\WS_FTP.LOG --> rs7.loc.gov /marvel/www/data/standards/mets/profiles/LC_profiles/stylesheets WS_FTP.LOG
2004.08.20 11:34 B C:\mets_profiles\web\profiles\LC_profiles\stylesheets\WS_FTP.LOG --> rs7.loc.gov /marvel/www/data/standards/mets/profiles/LC_profiles/stylesheets WS_FTP.LOG
2004.08.20 11:35 B C:\mets_profiles\web\profiles\LC_profiles\stylesheets\WS_FTP.LOG --> rs7.loc.gov /marvel/www/data/standards/mets/profiles/LC_profiles/stylesheets WS_FTP.LOG
2004.08.20 12:10 B C:\mets_profiles\web\profiles\LC_profiles\stylesheets\profile.xsl --> rs7.loc.gov /marvel/www/data/standards/mets/profiles/LC_profiles/stylesheets profile.xsl
2004.08.20 12:11 B C:\mets_profiles\web\profiles\LC_profiles\stylesheets\profile.xsl --> rs7.loc.gov /marvel/www/data/standards/mets/profiles/LC_profiles/stylesheets profile.xsl
2004.08.20 12:11 B C:\mets_profiles\web\profiles\LC_profiles\stylesheets\WS_FTP.LOG --> rs7.loc.gov /marvel/www/data/standards/mets/profiles/LC_profiles/stylesheets WS_FTP.LOG
2004.08.20 12:29 B C:\mets_profiles\web\profiles\LC_profiles\stylesheets\profile.xsl --> rs7.loc.gov /marvel/www/data/standards/mets/profiles/LC_profiles/stylesheets profile.xsl
2004.08.20 12:29 B C:\mets_profiles\web\profiles\LC_profiles\stylesheets\profile.xsl~ --> rs7.loc.gov /marvel/www/data/standards/mets/profiles/LC_profiles/stylesheets profile.xsl~
2004.08.20 12:33 B C:\mets_profiles\web\profiles\LC_profiles\stylesheets\profile.xsl --> rs7.loc.gov /marvel/www/data/standards/mets/profiles/LC_profiles/stylesheets profile.xsl
2004.08.20 12:33 B C:\mets_profiles\web\profiles\LC_profiles\stylesheets\WS_FTP.LOG --> rs7.loc.gov /marvel/www/data/standards/mets/profiles/LC_profiles/stylesheets WS_FTP.LOG
2004.08.20 12:41 B C:\mets_profiles\web\profiles\LC_profiles\stylesheets\WS_FTP.LOG --> rs7.loc.gov /marvel/www/data/standards/mets/profiles/LC_profiles/stylesheets WS_FTP.LOG
2004.09.01 13:00 B C:\mets_profiles\web\profiles\LC_profiles\stylesheets\profile.xsl --> rs7.loc.gov /marvel/www/data/standards/mets/profiles/LC_profiles/stylesheets profile.xsl
2004.09.01 13:00 B C:\mets_profiles\web\profiles\LC_profiles\stylesheets\profile.xsl~ --> rs7.loc.gov /marvel/www/data/standards/mets/profiles/LC_profiles/stylesheets profile.xsl~
2004.09.01 13:06 B C:\mets_profiles\web\profiles\LC_profiles\stylesheets\profile.xsl --> rs7.loc.gov /marvel/www/data/standards/mets/profiles/LC_profiles/stylesheets profile.xsl
2004.09.01 13:06 B C:\mets_profiles\web\profiles\LC_profiles\stylesheets\WS_FTP.LOG --> rs7.loc.gov /marvel/www/data/standards/mets/profiles/LC_profiles/stylesheets WS_FTP.LOG
2004.09.01 13:11 B C:\mets_profiles\web\profiles\LC_profiles\stylesheets\profile.xsl --> rs7.loc.gov /marvel/www/data/standards/mets/profiles/LC_profiles/stylesheets profile.xsl
2004.09.01 13:12 B C:\mets_profiles\web\profiles\LC_profiles\stylesheets\profile.xsl --> rs7.loc.gov /marvel/www/data/standards/mets/profiles/LC_profiles/stylesheets profile.xsl
2004.09.01 13:12 B C:\mets_profiles\web\profiles\LC_profiles\stylesheets\WS_FTP.LOG --> rs7.loc.gov /marvel/www/data/standards/mets/profiles/LC_profiles/stylesheets WS_FTP.LOG
2004.09.01 13:15 B C:\mets_profiles\web\profiles\LC_profiles\stylesheets\profile.xsl --> rs7.loc.gov /marvel/www/data/standards/mets/profiles/LC_profiles/stylesheets profile.xsl
2004.09.01 13:50 B C:\mets_profiles\web\profiles\LC_profiles\stylesheets\profile.xsl --> rs7.loc.gov /marvel/www/data/standards/mets/profiles/LC_profiles/stylesheets profile.xsl
2004.09.01 13:50 B C:\mets_profiles\web\profiles\LC_profiles\stylesheets\WS_FTP.LOG --> rs7.loc.gov /marvel/www/data/standards/mets/profiles/LC_profiles/stylesheets WS_FTP.LOG
2004.09.01 13:57 B C:\mets_profiles\web\profiles\LC_profiles\stylesheets\profile.xsl --> rs7.loc.gov /marvel/www/data/standards/mets/profiles/LC_profiles/stylesheets profile.xsl
2004.09.01 13:58 B C:\mets_profiles\web\profiles\LC_profiles\stylesheets\profile.xsl --> rs7.loc.gov /marvel/www/data/standards/mets/profiles/LC_profiles/stylesheets profile.xsl
2004.09.01 13:58 B C:\mets_profiles\web\profiles\LC_profiles\stylesheets\WS_FTP.LOG --> rs7.loc.gov /marvel/www/data/standards/mets/profiles/LC_profiles/stylesheets WS_FTP.LOG
2004.12.01 15:48 B C:\mets_profiles\web\profiles\LC_profiles\stylesheets\profile.css --> rs7.loc.gov /marvel/www/data/standards/mets/profiles/LC_profiles/stylesheets profile.css
2004.12.01 15:48 B C:\mets_profiles\web\profiles\LC_profiles\stylesheets\profile.css~ --> rs7.loc.gov /marvel/www/data/standards/mets/profiles/LC_profiles/stylesheets profile.css~
2004.12.01 15:48 B C:\mets_profiles\web\profiles\LC_profiles\stylesheets\profile.xsl --> rs7.loc.gov /marvel/www/data/standards/mets/profiles/LC_profiles/stylesheets profile.xsl
2004.12.01 15:48 B C:\mets_profiles\web\profiles\LC_profiles\stylesheets\profile.xsl~ --> rs7.loc.gov /marvel/www/data/standards/mets/profiles/LC_profiles/stylesheets profile.xsl~
