2004.08.20 09:52 B C:\mets_profiles\web\profiles\LC_profiles\pdfDoc\index.html <-- rs7 /marvel/www/data/standards/mets/profiles/LC_profiles/pdfDoc index.html
2004.08.20 09:52 B C:\mets_profiles\web\profiles\LC_profiles\pdfDoc\profile.xml <-- rs7 /marvel/www/data/standards/mets/profiles/LC_profiles/pdfDoc profile.xml
2004.08.20 10:00 B C:\mets_profiles\web\profiles\LC_profiles\pdfDoc\WS_FTP.LOG --> rs7.loc.gov /marvel/www/data/standards/mets/profiles/LC_profiles/pdfDoc WS_FTP.LOG
2004.08.20 11:04 B C:\mets_profiles\web\profiles\LC_profiles\pdfDoc\index.html --> rs7.loc.gov /marvel/www/data/standards/mets/profiles/LC_profiles/pdfDoc index.html
2004.08.20 11:24 B C:\mets_profiles\web\profiles\LC_profiles\pdfDoc\index.html --> rs7.loc.gov /marvel/www/data/standards/mets/profiles/LC_profiles/pdfDoc index.html
2004.08.20 11:24 B C:\mets_profiles\web\profiles\LC_profiles\pdfDoc\WS_FTP.LOG --> rs7.loc.gov /marvel/www/data/standards/mets/profiles/LC_profiles/pdfDoc WS_FTP.LOG
2004.08.20 11:26 B C:\mets_profiles\web\profiles\LC_profiles\pdfDoc\index.html --> rs7.loc.gov /marvel/www/data/standards/mets/profiles/LC_profiles/pdfDoc/profiles/LC_profiles/pdfDoc index.html
2004.08.20 11:26 B C:\mets_profiles\web\profiles\LC_profiles\pdfDoc\profile.xml --> rs7.loc.gov /marvel/www/data/standards/mets/profiles/LC_profiles/pdfDoc/profiles/LC_profiles/pdfDoc profile.xml
2004.08.20 11:26 B C:\mets_profiles\web\profiles\LC_profiles\pdfDoc\profile.xml~ --> rs7.loc.gov /marvel/www/data/standards/mets/profiles/LC_profiles/pdfDoc/profiles/LC_profiles/pdfDoc profile.xml~
2004.08.20 11:26 B C:\mets_profiles\web\profiles\LC_profiles\pdfDoc\WS_FTP.LOG --> rs7.loc.gov /marvel/www/data/standards/mets/profiles/LC_profiles/pdfDoc/profiles/LC_profiles/pdfDoc WS_FTP.LOG
2004.08.20 11:29 B C:\mets_profiles\web\profiles\LC_profiles\pdfDoc\index.html --> rs7.loc.gov /marvel/www/data/standards/mets/profiles/LC_profiles/pdfDoc index.html
2004.08.20 11:29 B C:\mets_profiles\web\profiles\LC_profiles\pdfDoc\profile.xml --> rs7.loc.gov /marvel/www/data/standards/mets/profiles/LC_profiles/pdfDoc profile.xml
2004.08.20 11:29 B C:\mets_profiles\web\profiles\LC_profiles\pdfDoc\profile.xml~ --> rs7.loc.gov /marvel/www/data/standards/mets/profiles/LC_profiles/pdfDoc profile.xml~
2004.08.20 11:29 B C:\mets_profiles\web\profiles\LC_profiles\pdfDoc\WS_FTP.LOG --> rs7.loc.gov /marvel/www/data/standards/mets/profiles/LC_profiles/pdfDoc WS_FTP.LOG
2004.08.20 11:34 B C:\mets_profiles\web\profiles\LC_profiles\pdfDoc\WS_FTP.LOG --> rs7.loc.gov /marvel/www/data/standards/mets/profiles/LC_profiles/pdfDoc WS_FTP.LOG
2004.08.20 11:35 B C:\mets_profiles\web\profiles\LC_profiles\pdfDoc\WS_FTP.LOG --> rs7.loc.gov /marvel/www/data/standards/mets/profiles/LC_profiles/pdfDoc WS_FTP.LOG
2004.08.20 12:10 B C:\mets_profiles\web\profiles\LC_profiles\pdfDoc\WS_FTP.LOG --> rs7.loc.gov /marvel/www/data/standards/mets/profiles/LC_profiles/pdfDoc WS_FTP.LOG
2004.08.20 12:11 B C:\mets_profiles\web\profiles\LC_profiles\pdfDoc\WS_FTP.LOG --> rs7.loc.gov /marvel/www/data/standards/mets/profiles/LC_profiles/pdfDoc WS_FTP.LOG
2004.12.01 15:48 B C:\mets_profiles\web\profiles\LC_profiles\pdfDoc\index.html --> rs7.loc.gov /marvel/www/data/standards/mets/profiles/LC_profiles/pdfDoc index.html
2004.12.01 15:48 B C:\mets_profiles\web\profiles\LC_profiles\pdfDoc\profile.xml --> rs7.loc.gov /marvel/www/data/standards/mets/profiles/LC_profiles/pdfDoc profile.xml
2004.12.01 15:48 B C:\mets_profiles\web\profiles\LC_profiles\pdfDoc\profile.xml~ --> rs7.loc.gov /marvel/www/data/standards/mets/profiles/LC_profiles/pdfDoc profile.xml~
