2004.09.17 12:33 A C:\mets_profiles\web\profiles\LC_profiles\photograph\#ex3.xml# --> rs7.loc.gov /marvel/www/data/standards/mets/profiles/LC_profiles/photograph #ex3.xml#
2004.09.17 12:33 A C:\mets_profiles\web\profiles\LC_profiles\photograph\ex1.xml --> rs7.loc.gov /marvel/www/data/standards/mets/profiles/LC_profiles/photograph ex1.xml
2004.09.17 12:33 A C:\mets_profiles\web\profiles\LC_profiles\photograph\ex1.xml~ --> rs7.loc.gov /marvel/www/data/standards/mets/profiles/LC_profiles/photograph ex1.xml~
2004.09.17 12:33 A C:\mets_profiles\web\profiles\LC_profiles\photograph\ex2.xml --> rs7.loc.gov /marvel/www/data/standards/mets/profiles/LC_profiles/photograph ex2.xml
2004.09.17 12:33 A C:\mets_profiles\web\profiles\LC_profiles\photograph\ex2.xml~ --> rs7.loc.gov /marvel/www/data/standards/mets/profiles/LC_profiles/photograph ex2.xml~
2004.09.17 12:33 A C:\mets_profiles\web\profiles\LC_profiles\photograph\ex3.xml --> rs7.loc.gov /marvel/www/data/standards/mets/profiles/LC_profiles/photograph ex3.xml
2004.09.17 12:33 A C:\mets_profiles\web\profiles\LC_profiles\photograph\index.html --> rs7.loc.gov /marvel/www/data/standards/mets/profiles/LC_profiles/photograph index.html
2004.09.17 12:33 A C:\mets_profiles\web\profiles\LC_profiles\photograph\mets_mods_temlate.xml --> rs7.loc.gov /marvel/www/data/standards/mets/profiles/LC_profiles/photograph mets_mods_temlate.xml
2004.09.17 12:33 A C:\mets_profiles\web\profiles\LC_profiles\photograph\mets_profile_template.xml --> rs7.loc.gov /marvel/www/data/standards/mets/profiles/LC_profiles/photograph mets_profile_template.xml
2004.09.17 12:33 A C:\mets_profiles\web\profiles\LC_profiles\photograph\new_cd_structure.xml --> rs7.loc.gov /marvel/www/data/standards/mets/profiles/LC_profiles/photograph new_cd_structure.xml
2004.09.17 12:33 A C:\mets_profiles\web\profiles\LC_profiles\photograph\photo_structure.xml --> rs7.loc.gov /marvel/www/data/standards/mets/profiles/LC_profiles/photograph photo_structure.xml
2004.09.17 12:33 A C:\mets_profiles\web\profiles\LC_profiles\photograph\photo_structure.xml~ --> rs7.loc.gov /marvel/www/data/standards/mets/profiles/LC_profiles/photograph photo_structure.xml~
2004.09.17 12:33 A C:\mets_profiles\web\profiles\LC_profiles\photograph\profile.xml --> rs7.loc.gov /marvel/www/data/standards/mets/profiles/LC_profiles/photograph profile.xml
2004.09.17 12:33 A C:\mets_profiles\web\profiles\LC_profiles\photograph\profile.xml~ --> rs7.loc.gov /marvel/www/data/standards/mets/profiles/LC_profiles/photograph profile.xml~
2004.09.17 12:33 A C:\mets_profiles\web\profiles\LC_profiles\photograph\schemas.xml --> rs7.loc.gov /marvel/www/data/standards/mets/profiles/LC_profiles/photograph schemas.xml
2004.09.17 12:33 A C:\mets_profiles\web\profiles\LC_profiles\photograph\schemas.xml~ --> rs7.loc.gov /marvel/www/data/standards/mets/profiles/LC_profiles/photograph schemas.xml~
2004.09.17 13:07 B C:\mets_profiles\web\profiles\LC_profiles\photograph\index.html --> rs7.loc.gov /marvel/www/data/standards/mets/profiles/LC_profiles/photograph index.html
2004.09.17 13:07 B C:\mets_profiles\web\profiles\LC_profiles\photograph\profile.xml --> rs7.loc.gov /marvel/www/data/standards/mets/profiles/LC_profiles/photograph profile.xml
2004.09.17 13:07 B C:\mets_profiles\web\profiles\LC_profiles\photograph\WS_FTP.LOG --> rs7.loc.gov /marvel/www/data/standards/mets/profiles/LC_profiles/photograph WS_FTP.LOG
2004.09.17 15:11 B C:\mets_profiles\web\profiles\LC_profiles\photograph\ex3.xml --> rs7.loc.gov /marvel/www/data/standards/mets/profiles/LC_profiles/photograph ex3.xml
2004.09.17 15:11 B C:\mets_profiles\web\profiles\LC_profiles\photograph\ex3.xml~ --> rs7.loc.gov /marvel/www/data/standards/mets/profiles/LC_profiles/photograph ex3.xml~
2004.09.17 15:11 B C:\mets_profiles\web\profiles\LC_profiles\photograph\index.html --> rs7.loc.gov /marvel/www/data/standards/mets/profiles/LC_profiles/photograph index.html
2004.09.17 15:11 B C:\mets_profiles\web\profiles\LC_profiles\photograph\profile.xml --> rs7.loc.gov /marvel/www/data/standards/mets/profiles/LC_profiles/photograph profile.xml
2004.09.17 15:11 B C:\mets_profiles\web\profiles\LC_profiles\photograph\profile.xml~ --> rs7.loc.gov /marvel/www/data/standards/mets/profiles/LC_profiles/photograph profile.xml~
2004.09.17 15:11 B C:\mets_profiles\web\profiles\LC_profiles\photograph\schemas.xml --> rs7.loc.gov /marvel/www/data/standards/mets/profiles/LC_profiles/photograph schemas.xml
2004.09.20 16:17 B C:\mets_profiles\web\profiles\LC_profiles\photograph\index.html --> rs7.loc.gov /marvel/www/data/standards/mets/profiles/LC_profiles/photograph index.html
2004.09.20 16:17 B C:\mets_profiles\web\profiles\LC_profiles\photograph\profile.xml --> rs7.loc.gov /marvel/www/data/standards/mets/profiles/LC_profiles/photograph profile.xml
2004.09.20 16:17 B C:\mets_profiles\web\profiles\LC_profiles\photograph\WS_FTP.LOG --> rs7.loc.gov /marvel/www/data/standards/mets/profiles/LC_profiles/photograph WS_FTP.LOG
2004.09.20 16:20 B C:\mets_profiles\web\profiles\LC_profiles\photograph\index.html --> rs7.loc.gov /marvel/www/data/standards/mets/profiles/LC_profiles/photograph index.html
2004.09.20 16:24 B C:\mets_profiles\web\profiles\LC_profiles\photograph\index.html --> rs7.loc.gov /marvel/www/data/standards/mets/profiles/LC_profiles/photograph index.html
2004.09.20 16:24 B C:\mets_profiles\web\profiles\LC_profiles\photograph\profile.xml --> rs7.loc.gov /marvel/www/data/standards/mets/profiles/LC_profiles/photograph profile.xml
2004.09.20 16:24 B C:\mets_profiles\web\profiles\LC_profiles\photograph\WS_FTP.LOG --> rs7.loc.gov /marvel/www/data/standards/mets/profiles/LC_profiles/photograph WS_FTP.LOG
2004.09.20 16:38 B C:\mets_profiles\web\profiles\LC_profiles\photograph\#ex2.xml# --> rs7.loc.gov /marvel/www/data/standards/mets/profiles/LC_profiles/photograph #ex2.xml#
2004.09.20 16:38 B C:\mets_profiles\web\profiles\LC_profiles\photograph\index.html --> rs7.loc.gov /marvel/www/data/standards/mets/profiles/LC_profiles/photograph index.html
2004.09.20 16:38 B C:\mets_profiles\web\profiles\LC_profiles\photograph\profile.xml --> rs7.loc.gov /marvel/www/data/standards/mets/profiles/LC_profiles/photograph profile.xml
2004.09.20 16:40 B C:\mets_profiles\web\profiles\LC_profiles\photograph\ex2.xml --> rs7.loc.gov /marvel/www/data/standards/mets/profiles/LC_profiles/photograph ex2.xml
2004.09.20 16:40 B C:\mets_profiles\web\profiles\LC_profiles\photograph\index.html --> rs7.loc.gov /marvel/www/data/standards/mets/profiles/LC_profiles/photograph index.html
2004.09.20 16:40 B C:\mets_profiles\web\profiles\LC_profiles\photograph\WS_FTP.LOG --> rs7.loc.gov /marvel/www/data/standards/mets/profiles/LC_profiles/photograph WS_FTP.LOG
2004.09.20 16:41 B C:\mets_profiles\web\profiles\LC_profiles\photograph\profile.xml --> rs7.loc.gov /marvel/www/data/standards/mets/profiles/LC_profiles/photograph profile.xml
2004.09.20 16:42 B C:\mets_profiles\web\profiles\LC_profiles\photograph\index.html --> rs7.loc.gov /marvel/www/data/standards/mets/profiles/LC_profiles/photograph index.html
2004.09.20 16:43 B C:\mets_profiles\web\profiles\LC_profiles\photograph\profile.xml --> rs7.loc.gov /marvel/www/data/standards/mets/profiles/LC_profiles/photograph profile.xml
2004.09.20 16:43 B C:\mets_profiles\web\profiles\LC_profiles\photograph\WS_FTP.LOG --> rs7.loc.gov /marvel/www/data/standards/mets/profiles/LC_profiles/photograph WS_FTP.LOG
2004.09.20 16:44 B C:\mets_profiles\web\profiles\LC_profiles\photograph\index.html --> rs7.loc.gov /marvel/www/data/standards/mets/profiles/LC_profiles/photograph index.html
2004.09.20 16:45 B C:\mets_profiles\web\profiles\LC_profiles\photograph\profile.xml --> rs7.loc.gov /marvel/www/data/standards/mets/profiles/LC_profiles/photograph profile.xml
2004.09.20 16:46 B C:\mets_profiles\web\profiles\LC_profiles\photograph\index.html --> rs7.loc.gov /marvel/www/data/standards/mets/profiles/LC_profiles/photograph index.html
2004.09.20 16:46 B C:\mets_profiles\web\profiles\LC_profiles\photograph\WS_FTP.LOG --> rs7.loc.gov /marvel/www/data/standards/mets/profiles/LC_profiles/photograph WS_FTP.LOG
2004.09.20 16:48 B C:\mets_profiles\web\profiles\LC_profiles\photograph\index.html --> rs7.loc.gov /marvel/www/data/standards/mets/profiles/LC_profiles/photograph index.html
2004.09.20 16:48 B C:\mets_profiles\web\profiles\LC_profiles\photograph\profile.xml --> rs7.loc.gov /marvel/www/data/standards/mets/profiles/LC_profiles/photograph profile.xml
2004.09.20 16:49 B C:\mets_profiles\web\profiles\LC_profiles\photograph\WS_FTP.LOG --> rs7.loc.gov /marvel/www/data/standards/mets/profiles/LC_profiles/photograph WS_FTP.LOG
2004.09.20 16:50 B C:\mets_profiles\web\profiles\LC_profiles\photograph\index.html --> rs7.loc.gov /marvel/www/data/standards/mets/profiles/LC_profiles/photograph index.html
2004.09.20 16:53 B C:\mets_profiles\web\profiles\LC_profiles\photograph\ex3.xml --> rs7.loc.gov /marvel/www/data/standards/mets/profiles/LC_profiles/photograph ex3.xml
2004.09.20 16:53 B C:\mets_profiles\web\profiles\LC_profiles\photograph\index.html --> rs7.loc.gov /marvel/www/data/standards/mets/profiles/LC_profiles/photograph index.html
2004.09.20 16:53 B C:\mets_profiles\web\profiles\LC_profiles\photograph\profile.xml --> rs7.loc.gov /marvel/www/data/standards/mets/profiles/LC_profiles/photograph profile.xml
2004.09.21 12:06 B C:\mets_profiles\web\profiles\LC_profiles\photograph\index.html --> rs7.loc.gov /marvel/www/data/standards/mets/profiles/LC_profiles/photograph index.html
2004.09.21 12:06 B C:\mets_profiles\web\profiles\LC_profiles\photograph\profile.xml --> rs7.loc.gov /marvel/www/data/standards/mets/profiles/LC_profiles/photograph profile.xml
2004.09.21 12:06 B C:\mets_profiles\web\profiles\LC_profiles\photograph\WS_FTP.LOG --> rs7.loc.gov /marvel/www/data/standards/mets/profiles/LC_profiles/photograph WS_FTP.LOG
2004.09.21 12:23 B C:\mets_profiles\web\profiles\LC_profiles\photograph\#ex4.xml# --> rs7.loc.gov /marvel/www/data/standards/mets/profiles/LC_profiles/photograph #ex4.xml#
2004.09.21 12:23 B C:\mets_profiles\web\profiles\LC_profiles\photograph\ex4.xml --> rs7.loc.gov /marvel/www/data/standards/mets/profiles/LC_profiles/photograph ex4.xml
2004.09.21 12:23 B C:\mets_profiles\web\profiles\LC_profiles\photograph\index.html --> rs7.loc.gov /marvel/www/data/standards/mets/profiles/LC_profiles/photograph index.html
2004.09.21 12:23 B C:\mets_profiles\web\profiles\LC_profiles\photograph\profile.xml --> rs7.loc.gov /marvel/www/data/standards/mets/profiles/LC_profiles/photograph profile.xml
2004.09.21 12:25 B C:\mets_profiles\web\profiles\LC_profiles\photograph\index.html --> rs7.loc.gov /marvel/www/data/standards/mets/profiles/LC_profiles/photograph index.html
2004.09.21 12:25 B C:\mets_profiles\web\profiles\LC_profiles\photograph\WS_FTP.LOG --> rs7.loc.gov /marvel/www/data/standards/mets/profiles/LC_profiles/photograph WS_FTP.LOG
2004.09.21 16:17 B C:\mets_profiles\web\profiles\LC_profiles\photograph\#profile.xml# --> rs7.loc.gov /marvel/www/data/standards/mets/profiles/LC_profiles/photograph #profile.xml#
2004.09.21 16:17 B C:\mets_profiles\web\profiles\LC_profiles\photograph\index.html --> rs7.loc.gov /marvel/www/data/standards/mets/profiles/LC_profiles/photograph index.html
2004.09.21 16:25 B C:\mets_profiles\web\profiles\LC_profiles\photograph\ex5.xml --> rs7.loc.gov /marvel/www/data/standards/mets/profiles/LC_profiles/photograph ex5.xml
2004.09.21 16:25 B C:\mets_profiles\web\profiles\LC_profiles\photograph\ex5.xml~ --> rs7.loc.gov /marvel/www/data/standards/mets/profiles/LC_profiles/photograph ex5.xml~
2004.09.21 16:25 B C:\mets_profiles\web\profiles\LC_profiles\photograph\index.html --> rs7.loc.gov /marvel/www/data/standards/mets/profiles/LC_profiles/photograph index.html
2004.09.21 16:25 B C:\mets_profiles\web\profiles\LC_profiles\photograph\profile.xml --> rs7.loc.gov /marvel/www/data/standards/mets/profiles/LC_profiles/photograph profile.xml
2004.09.21 16:25 B C:\mets_profiles\web\profiles\LC_profiles\photograph\schemas.xml --> rs7.loc.gov /marvel/www/data/standards/mets/profiles/LC_profiles/photograph schemas.xml
2004.09.21 16:25 B C:\mets_profiles\web\profiles\LC_profiles\photograph\schemas.xml~ --> rs7.loc.gov /marvel/www/data/standards/mets/profiles/LC_profiles/photograph schemas.xml~
2004.09.21 16:25 B C:\mets_profiles\web\profiles\LC_profiles\photograph\WS_FTP.LOG --> rs7.loc.gov /marvel/www/data/standards/mets/profiles/LC_profiles/photograph WS_FTP.LOG
2004.09.21 16:29 B C:\mets_profiles\web\profiles\LC_profiles\photograph\#ex5.xml# --> rs7.loc.gov /marvel/www/data/standards/mets/profiles/LC_profiles/photograph #ex5.xml#
2004.09.21 16:29 B C:\mets_profiles\web\profiles\LC_profiles\photograph\index.html --> rs7.loc.gov /marvel/www/data/standards/mets/profiles/LC_profiles/photograph index.html
2004.09.21 16:29 B C:\mets_profiles\web\profiles\LC_profiles\photograph\profile.xml --> rs7.loc.gov /marvel/www/data/standards/mets/profiles/LC_profiles/photograph profile.xml
2004.09.21 16:31 B C:\mets_profiles\web\profiles\LC_profiles\photograph\index.html --> rs7.loc.gov /marvel/www/data/standards/mets/profiles/LC_profiles/photograph index.html
2004.09.21 16:31 B C:\mets_profiles\web\profiles\LC_profiles\photograph\profile.xml --> rs7.loc.gov /marvel/www/data/standards/mets/profiles/LC_profiles/photograph profile.xml
2004.09.21 16:31 B C:\mets_profiles\web\profiles\LC_profiles\photograph\WS_FTP.LOG --> rs7.loc.gov /marvel/www/data/standards/mets/profiles/LC_profiles/photograph WS_FTP.LOG
2004.09.21 16:54 B C:\mets_profiles\web\profiles\LC_profiles\photograph\ex5.xml --> rs7.loc.gov /marvel/www/data/standards/mets/profiles/LC_profiles/photograph ex5.xml
2004.09.21 16:54 B C:\mets_profiles\web\profiles\LC_profiles\photograph\ex6.xml --> rs7.loc.gov /marvel/www/data/standards/mets/profiles/LC_profiles/photograph ex6.xml
2004.09.21 16:54 B C:\mets_profiles\web\profiles\LC_profiles\photograph\ex6.xml~ --> rs7.loc.gov /marvel/www/data/standards/mets/profiles/LC_profiles/photograph ex6.xml~
2004.09.21 16:54 B C:\mets_profiles\web\profiles\LC_profiles\photograph\index.html --> rs7.loc.gov /marvel/www/data/standards/mets/profiles/LC_profiles/photograph index.html
2004.09.21 16:54 B C:\mets_profiles\web\profiles\LC_profiles\photograph\profile.xml --> rs7.loc.gov /marvel/www/data/standards/mets/profiles/LC_profiles/photograph profile.xml
2004.09.21 16:54 B C:\mets_profiles\web\profiles\LC_profiles\photograph\schemas.xml --> rs7.loc.gov /marvel/www/data/standards/mets/profiles/LC_profiles/photograph schemas.xml
2004.09.21 16:56 B C:\mets_profiles\web\profiles\LC_profiles\photograph\index.html --> rs7.loc.gov /marvel/www/data/standards/mets/profiles/LC_profiles/photograph index.html
2004.09.21 16:56 B C:\mets_profiles\web\profiles\LC_profiles\photograph\WS_FTP.LOG --> rs7.loc.gov /marvel/www/data/standards/mets/profiles/LC_profiles/photograph WS_FTP.LOG
2004.09.27 16:34 B C:\mets_profiles\web\profiles\LC_profiles\photograph\#ex7.xml# --> rs7.loc.gov /marvel/www/data/standards/mets/profiles/LC_profiles/photograph #ex7.xml#
2004.09.27 16:34 B C:\mets_profiles\web\profiles\LC_profiles\photograph\ex7.xml --> rs7.loc.gov /marvel/www/data/standards/mets/profiles/LC_profiles/photograph ex7.xml
2004.09.27 16:34 B C:\mets_profiles\web\profiles\LC_profiles\photograph\index.html --> rs7.loc.gov /marvel/www/data/standards/mets/profiles/LC_profiles/photograph index.html
2004.09.27 16:34 B C:\mets_profiles\web\profiles\LC_profiles\photograph\profile.xml --> rs7.loc.gov /marvel/www/data/standards/mets/profiles/LC_profiles/photograph profile.xml
2004.09.27 16:36 B C:\mets_profiles\web\profiles\LC_profiles\photograph\WS_FTP.LOG --> rs7.loc.gov /marvel/www/data/standards/mets/profiles/LC_profiles/photograph WS_FTP.LOG
2004.09.29 10:57 B C:\mets_profiles\web\profiles\LC_profiles\photograph\index.html --> rs7.loc.gov /marvel/www/data/standards/mets/profiles/LC_profiles/photograph index.html
2004.09.29 10:57 B C:\mets_profiles\web\profiles\LC_profiles\photograph\profile.xml --> rs7.loc.gov /marvel/www/data/standards/mets/profiles/LC_profiles/photograph profile.xml
2004.09.29 11:14 B C:\mets_profiles\web\profiles\LC_profiles\photograph\ex7.xml --> rs7.loc.gov /marvel/www/data/standards/mets/profiles/LC_profiles/photograph ex7.xml
2004.09.29 11:14 B C:\mets_profiles\web\profiles\LC_profiles\photograph\ex7.xml~ --> rs7.loc.gov /marvel/www/data/standards/mets/profiles/LC_profiles/photograph ex7.xml~
2004.09.29 11:14 B C:\mets_profiles\web\profiles\LC_profiles\photograph\WS_FTP.LOG --> rs7.loc.gov /marvel/www/data/standards/mets/profiles/LC_profiles/photograph WS_FTP.LOG
2004.10.01 14:11 B C:\mets_profiles\web\profiles\LC_profiles\photograph\#profile.xml# --> rs7.loc.gov /marvel/www/data/standards/mets/profiles/LC_profiles/photograph #profile.xml#
2004.10.01 14:11 B C:\mets_profiles\web\profiles\LC_profiles\photograph\profile.xml --> rs7.loc.gov /marvel/www/data/standards/mets/profiles/LC_profiles/photograph profile.xml
2004.10.01 14:11 B C:\mets_profiles\web\profiles\LC_profiles\photograph\profile.xml~ --> rs7.loc.gov /marvel/www/data/standards/mets/profiles/LC_profiles/photograph profile.xml~
2004.10.01 14:12 B C:\mets_profiles\web\profiles\LC_profiles\photograph\WS_FTP.LOG --> rs7.loc.gov /marvel/www/data/standards/mets/profiles/LC_profiles/photograph WS_FTP.LOG
2004.10.01 14:13 B C:\mets_profiles\web\profiles\LC_profiles\photograph\index.html --> rs7.loc.gov /marvel/www/data/standards/mets/profiles/LC_profiles/photograph index.html
2004.12.01 15:48 B C:\mets_profiles\web\profiles\LC_profiles\photograph\ex1.xml --> rs7.loc.gov /marvel/www/data/standards/mets/profiles/LC_profiles/photograph ex1.xml
2004.12.01 15:48 B C:\mets_profiles\web\profiles\LC_profiles\photograph\ex1.xml~ --> rs7.loc.gov /marvel/www/data/standards/mets/profiles/LC_profiles/photograph ex1.xml~
2004.12.01 15:48 B C:\mets_profiles\web\profiles\LC_profiles\photograph\ex2.xml --> rs7.loc.gov /marvel/www/data/standards/mets/profiles/LC_profiles/photograph ex2.xml
2004.12.01 15:48 B C:\mets_profiles\web\profiles\LC_profiles\photograph\ex2.xml~ --> rs7.loc.gov /marvel/www/data/standards/mets/profiles/LC_profiles/photograph ex2.xml~
2004.12.01 15:48 B C:\mets_profiles\web\profiles\LC_profiles\photograph\ex3.xml --> rs7.loc.gov /marvel/www/data/standards/mets/profiles/LC_profiles/photograph ex3.xml
2004.12.01 15:48 B C:\mets_profiles\web\profiles\LC_profiles\photograph\ex3.xml~ --> rs7.loc.gov /marvel/www/data/standards/mets/profiles/LC_profiles/photograph ex3.xml~
2004.12.01 15:48 B C:\mets_profiles\web\profiles\LC_profiles\photograph\ex4.xml --> rs7.loc.gov /marvel/www/data/standards/mets/profiles/LC_profiles/photograph ex4.xml
2004.12.01 15:48 B C:\mets_profiles\web\profiles\LC_profiles\photograph\ex5.xml --> rs7.loc.gov /marvel/www/data/standards/mets/profiles/LC_profiles/photograph ex5.xml
2004.12.01 15:48 B C:\mets_profiles\web\profiles\LC_profiles\photograph\ex5.xml~ --> rs7.loc.gov /marvel/www/data/standards/mets/profiles/LC_profiles/photograph ex5.xml~
2004.12.01 15:48 B C:\mets_profiles\web\profiles\LC_profiles\photograph\ex6.xml --> rs7.loc.gov /marvel/www/data/standards/mets/profiles/LC_profiles/photograph ex6.xml
2004.12.01 15:48 B C:\mets_profiles\web\profiles\LC_profiles\photograph\ex6.xml~ --> rs7.loc.gov /marvel/www/data/standards/mets/profiles/LC_profiles/photograph ex6.xml~
2004.12.01 15:48 B C:\mets_profiles\web\profiles\LC_profiles\photograph\ex7.xml --> rs7.loc.gov /marvel/www/data/standards/mets/profiles/LC_profiles/photograph ex7.xml
2004.12.01 15:48 B C:\mets_profiles\web\profiles\LC_profiles\photograph\ex7.xml~ --> rs7.loc.gov /marvel/www/data/standards/mets/profiles/LC_profiles/photograph ex7.xml~
2004.12.01 15:48 B C:\mets_profiles\web\profiles\LC_profiles\photograph\index.html --> rs7.loc.gov /marvel/www/data/standards/mets/profiles/LC_profiles/photograph index.html
2004.12.01 15:48 B C:\mets_profiles\web\profiles\LC_profiles\photograph\mets_mods_temlate.xml --> rs7.loc.gov /marvel/www/data/standards/mets/profiles/LC_profiles/photograph mets_mods_temlate.xml
2004.12.01 15:48 B C:\mets_profiles\web\profiles\LC_profiles\photograph\mets_profile_template.xml --> rs7.loc.gov /marvel/www/data/standards/mets/profiles/LC_profiles/photograph mets_profile_template.xml
2004.12.01 15:48 B C:\mets_profiles\web\profiles\LC_profiles\photograph\new_cd_structure.xml --> rs7.loc.gov /marvel/www/data/standards/mets/profiles/LC_profiles/photograph new_cd_structure.xml
2004.12.01 15:48 B C:\mets_profiles\web\profiles\LC_profiles\photograph\photo_structure.xml --> rs7.loc.gov /marvel/www/data/standards/mets/profiles/LC_profiles/photograph photo_structure.xml
2004.12.01 15:48 B C:\mets_profiles\web\profiles\LC_profiles\photograph\photo_structure.xml~ --> rs7.loc.gov /marvel/www/data/standards/mets/profiles/LC_profiles/photograph photo_structure.xml~
2004.12.01 15:48 B C:\mets_profiles\web\profiles\LC_profiles\photograph\profile.xml --> rs7.loc.gov /marvel/www/data/standards/mets/profiles/LC_profiles/photograph profile.xml
2004.12.01 15:48 B C:\mets_profiles\web\profiles\LC_profiles\photograph\profile.xml~ --> rs7.loc.gov /marvel/www/data/standards/mets/profiles/LC_profiles/photograph profile.xml~
2004.12.01 15:48 B C:\mets_profiles\web\profiles\LC_profiles\photograph\schemas.xml --> rs7.loc.gov /marvel/www/data/standards/mets/profiles/LC_profiles/photograph schemas.xml
2004.12.01 15:48 B C:\mets_profiles\web\profiles\LC_profiles\photograph\schemas.xml~ --> rs7.loc.gov /marvel/www/data/standards/mets/profiles/LC_profiles/photograph schemas.xml~
